<?xml version="1.0" encoding="UTF-8"?>
<!-- Generated by org.testng.reporters.JUnitReportReporter -->
<testsuite hostname="LAPTOP-U5LOQQ11" failures="0" tests="5" name="testCase.CategoryPageTest" time="60.958" errors="0" timestamp="2025-01-14T06:10:59 GST" skipped="0">
  <testcase classname="testCase.CategoryPageTest" name="addNewCategoryAndVerifySuccessAlert" time="13.417"/>
  <testcase classname="testCase.CategoryPageTest" name="createDuplicateCategoryAndVerifyCategoryAlreadyExistAlertMessage" time="14.297"/>
  <testcase classname="testCase.CategoryPageTest" name="searchingCreatedCategoryAndVerifyListCategory" time="6.551"/>
  <testcase classname="testCase.CategoryPageTest" name="deletingCreatedCategoryAndVerifyDeleteAlertMessage" time="8.381"/>
  <testcase classname="testCase.CategoryPageTest" name="editingCreatedCategoryAndVerifyUpdatedSuccessfullyAlert" time="18.312"/>
</testsuite> <!-- testCase.CategoryPageTest -->
