<?xml version="1.0" encoding="UTF-8"?>
<!-- Generated by org.testng.reporters.JUnitReportReporter -->
<testsuite hostname="LAPTOP-U5LOQQ11" failures="0" tests="5" name="testCase.CategoryPageTest" time="88.357" errors="0" timestamp="2025-01-15T19:04:48 GST" skipped="0">
  <testcase classname="testCase.CategoryPageTest" name="addNewCategoryAndVerifySuccessAlert" time="51.266"/>
  <testcase classname="testCase.CategoryPageTest" name="createDuplicateCategoryAndVerifyCategoryAlreadyExistAlertMessage" time="9.659"/>
  <testcase classname="testCase.CategoryPageTest" name="searchingCreatedCategoryAndVerifyListCategory" time="5.042"/>
  <testcase classname="testCase.CategoryPageTest" name="deletingCreatedCategoryAndVerifyDeleteAlertMessage" time="6.827"/>
  <testcase classname="testCase.CategoryPageTest" name="editingCreatedCategoryAndVerifyUpdatedSuccessfullyAlert" time="15.563"/>
</testsuite> <!-- testCase.CategoryPageTest -->
