<?xml version="1.0" encoding="UTF-8"?>
<!-- Generated by org.testng.reporters.JUnitReportReporter -->
<testsuite hostname="LAPTOP-U5LOQQ11" failures="0" tests="12" name="testCase.SubCategoryPageTest" time="143.704" errors="0" timestamp="2025-01-07T07:30:09 IST" skipped="0">
  <testcase classname="testCase.SubCategoryPageTest" name="createNewSubcategory" time="11.626"/>
  <testcase classname="testCase.SubCategoryPageTest" name="createNewSubcategory" time="9.950"/>
  <testcase classname="testCase.SubCategoryPageTest" name="editSubCategoryFunction" time="9.620"/>
  <testcase classname="testCase.SubCategoryPageTest" name="editSubCategoryFunction" time="14.439"/>
  <testcase classname="testCase.SubCategoryPageTest" name="searchSubCategoryFunction" time="8.752"/>
  <testcase classname="testCase.SubCategoryPageTest" name="searchSubCategoryFunction" time="11.729"/>
  <testcase classname="testCase.SubCategoryPageTest" name="deleteSubCategoryFunction" time="9.701"/>
  <testcase classname="testCase.SubCategoryPageTest" name="deleteSubCategoryFunction" time="11.975"/>
  <testcase classname="testCase.SubCategoryPageTest" name="changeStatusActiveToInactive" time="17.979"/>
  <testcase classname="testCase.SubCategoryPageTest" name="changeStatusActiveToInactive" time="16.221"/>
  <testcase classname="testCase.SubCategoryPageTest" name="changeStatusInactiveToActive" time="11.263"/>
  <testcase classname="testCase.SubCategoryPageTest" name="changeStatusInactiveToActive" time="10.449"/>
</testsuite> <!-- testCase.SubCategoryPageTest -->
