<?xml version="1.0" encoding="UTF-8"?>
<!-- Generated by org.testng.reporters.JUnitReportReporter -->
<testsuite hostname="LAPTOP-U5LOQQ11" failures="0" tests="2" name="testCase.LoginPageTest" time="6.325" errors="0" timestamp="2025-01-16T17:09:33 GST" skipped="1">
  <testcase classname="testCase.LoginPageTest" name="loginWithValidCredential" time="6.325"/>
  <testcase classname="testCase.LoginPageTest" name="loginWithInvalidCredential">
    <skipped/>
  </testcase> <!-- loginWithInvalidCredential -->
</testsuite> <!-- testCase.LoginPageTest -->
